0 info it worked if it ends with ok
1 verbose cli [ 'D:\\node.exe',
1 verbose cli   'D:\\node_modules\\npm\\bin\\npm-cli.js',
1 verbose cli   'publish',
1 verbose cli   '--access=public' ]
2 info using npm@3.10.10
3 info using node@v6.11.3
4 verbose publish [ '.' ]
5 silly cache add args [ '.', null ]
6 verbose cache add spec .
7 silly cache add parsed spec Result {
7 silly cache add   raw: '.',
7 silly cache add   scope: null,
7 silly cache add   escapedName: null,
7 silly cache add   name: null,
7 silly cache add   rawSpec: '.',
7 silly cache add   spec: 'C:\\Users\\Daniel\\Documents\\programacion\\javascript\\mockscript',
7 silly cache add   type: 'directory' }
8 verbose addLocalDirectory C:\Users\Daniel\AppData\Roaming\npm-cache\my_own_module\0.1.0\package.tgz not in flight; packing
9 verbose correctMkdir C:\Users\Daniel\AppData\Roaming\npm-cache correctMkdir not in flight; initializing
10 info lifecycle my_own_module@0.1.0~prepublish: my_own_module@0.1.0
11 silly lifecycle my_own_module@0.1.0~prepublish: no script for prepublish, continuing
12 verbose tar pack [ 'C:\\Users\\Daniel\\AppData\\Roaming\\npm-cache\\my_own_module\\0.1.0\\package.tgz',
12 verbose tar pack   'C:\\Users\\Daniel\\Documents\\programacion\\javascript\\mockscript' ]
13 verbose tarball C:\Users\Daniel\AppData\Roaming\npm-cache\my_own_module\0.1.0\package.tgz
14 verbose folder C:\Users\Daniel\Documents\programacion\javascript\mockscript
15 verbose addLocalTarball adding from inside cache C:\Users\Daniel\AppData\Roaming\npm-cache\my_own_module\0.1.0\package.tgz
16 verbose correctMkdir C:\Users\Daniel\AppData\Roaming\npm-cache correctMkdir not in flight; initializing
17 silly cache afterAdd my_own_module@0.1.0
18 verbose afterAdd C:\Users\Daniel\AppData\Roaming\npm-cache\my_own_module\0.1.0\package\package.json not in flight; writing
19 verbose correctMkdir C:\Users\Daniel\AppData\Roaming\npm-cache correctMkdir not in flight; initializing
20 verbose afterAdd C:\Users\Daniel\AppData\Roaming\npm-cache\my_own_module\0.1.0\package\package.json written
21 silly publish { name: 'my_own_module',
21 silly publish   version: '0.1.0',
21 silly publish   description: 'Testing',
21 silly publish   main: 'dist/src/mockscript.js',
21 silly publish   scripts: { build: 'babel src/mockscript.js -d dist', test: 'mocha' },
21 silly publish   repository:
21 silly publish    { type: 'git',
21 silly publish      url: 'git+https://github.com/tratohecho3/Test_Npm.git' },
21 silly publish   author:
21 silly publish    { name: 'Cesar Colina',
21 silly publish      email: 'tratohecho3@gmail.com',
21 silly publish      url: 'https://www.linkedin.com/in/cesar-colina/' },
21 silly publish   license: 'MIT',
21 silly publish   bugs: { url: 'https://github.com/tratohecho3/Test_Npm/issues' },
21 silly publish   devDependencies:
21 silly publish    { 'babel-cli': '^6.26.0',
21 silly publish      'babel-preset-env': '^1.6.1',
21 silly publish      chai: '^4.1.2',
21 silly publish      mocha: '^5.0.5' },
21 silly publish   readme: '# Testing how to create my own module\r\n## It\'s only a mock script\r\n\r\n## Install\r\n```\r\nnpm install mockscript\r\n```\r\n\r\n## Use\r\n\r\n```\r\nimport mockscript from \'mockscript\'\r\nsayHello("Your name")\r\n\r\n```',
21 silly publish   readmeFilename: 'README.md',
21 silly publish   gitHead: '6f711cbcde02d3dfcf6c170c89f93692118cfedd',
21 silly publish   homepage: 'https://github.com/tratohecho3/Test_Npm#readme',
21 silly publish   _id: 'my_own_module@0.1.0',
21 silly publish   _shasum: '54bd5e4d4cb490dc1bea598c6062a1775c15b0d6',
21 silly publish   _from: '.' }
22 verbose getPublishConfig undefined
23 silly mapToRegistry name my_own_module
24 silly mapToRegistry using default registry
25 silly mapToRegistry registry https://registry.npmjs.org/
26 silly mapToRegistry data Result {
26 silly mapToRegistry   raw: 'my_own_module',
26 silly mapToRegistry   scope: null,
26 silly mapToRegistry   escapedName: 'my_own_module',
26 silly mapToRegistry   name: 'my_own_module',
26 silly mapToRegistry   rawSpec: '',
26 silly mapToRegistry   spec: 'latest',
26 silly mapToRegistry   type: 'tag' }
27 silly mapToRegistry uri https://registry.npmjs.org/my_own_module
28 verbose publish registryBase https://registry.npmjs.org/
29 silly publish uploading C:\Users\Daniel\AppData\Roaming\npm-cache\my_own_module\0.1.0\package.tgz
30 verbose request uri https://registry.npmjs.org/my_own_module
31 verbose request sending authorization for write operation
32 info attempt registry request try #1 at 18:33:23
33 verbose request using bearer token for auth
34 verbose request id 169bf5f9fd6798fb
35 http request PUT https://registry.npmjs.org/my_own_module
36 http 403 https://registry.npmjs.org/my_own_module
37 verbose headers { 'content-type': 'application/json',
37 verbose headers   'cache-control': 'max-age=300',
37 verbose headers   'content-length': '170',
37 verbose headers   'accept-ranges': 'bytes',
37 verbose headers   date: 'Tue, 03 Apr 2018 22:32:31 GMT',
37 verbose headers   via: '1.1 varnish',
37 verbose headers   connection: 'keep-alive',
37 verbose headers   'x-served-by': 'cache-mia17633-MIA',
37 verbose headers   'x-cache': 'MISS',
37 verbose headers   'x-cache-hits': '0',
37 verbose headers   'x-timer': 'S1522794751.439761,VS0,VE386',
37 verbose headers   vary: 'Accept-Encoding, Accept' }
38 verbose request invalidating C:\Users\Daniel\AppData\Roaming\npm-cache\registry.npmjs.org\my_own_module on PUT
39 error publish Failed PUT 403
40 verbose stack Error: Package name too similar to existing packages; try renaming your package to '@ayacayu/my_own_module' and publishing with 'npm publish --access=public' instead : my_own_module
40 verbose stack     at makeError (D:\node_modules\npm\node_modules\npm-registry-client\lib\request.js:302:12)
40 verbose stack     at CachingRegistryClient.<anonymous> (D:\node_modules\npm\node_modules\npm-registry-client\lib\request.js:290:14)
40 verbose stack     at Request._callback (D:\node_modules\npm\node_modules\npm-registry-client\lib\request.js:210:14)
40 verbose stack     at Request.self.callback (D:\node_modules\npm\node_modules\request\request.js:187:22)
40 verbose stack     at emitTwo (events.js:106:13)
40 verbose stack     at Request.emit (events.js:191:7)
40 verbose stack     at Request.<anonymous> (D:\node_modules\npm\node_modules\request\request.js:1048:10)
40 verbose stack     at emitOne (events.js:96:13)
40 verbose stack     at Request.emit (events.js:188:7)
40 verbose stack     at IncomingMessage.<anonymous> (D:\node_modules\npm\node_modules\request\request.js:969:12)
41 verbose statusCode 403
42 verbose pkgid my_own_module
43 verbose cwd C:\Users\Daniel\Documents\programacion\javascript\mockscript
44 error Windows_NT 10.0.16299
45 error argv "D:\\node.exe" "D:\\node_modules\\npm\\bin\\npm-cli.js" "publish" "--access=public"
46 error node v6.11.3
47 error npm  v3.10.10
48 error code E403
49 error Package name too similar to existing packages; try renaming your package to '@ayacayu/my_own_module' and publishing with 'npm publish --access=public' instead : my_own_module
50 error If you need help, you may report this error at:
50 error     <https://github.com/npm/npm/issues>
51 verbose exit [ 1, true ]
